c:\users\hp\desktop\transfertudp\server\server\x64\debug\vc145.pdb
c:\users\hp\desktop\transfertudp\server\server\x64\debug\vc145.idb
c:\users\hp\desktop\transfertudp\server\server\x64\debug\server.obj
c:\users\hp\desktop\transfertudp\server\x64\debug\server.exe
c:\users\hp\desktop\transfertudp\server\x64\debug\server.pdb
c:\users\hp\desktop\server\x64\debug\libcrypto-3-x64.dll
c:\users\hp\desktop\server\x64\debug\libssl-3-x64.dll
c:\users\hp\desktop\transfert udp\server\x64\debug\libssl-3-x64.dll
c:\users\hp\desktop\transfert udp\server\x64\debug\libcrypto-3-x64.dll
c:\users\hp\desktop\transfertudp\server\x64\debug\libssl-3-x64.dll
c:\users\hp\desktop\transfertudp\server\x64\debug\libcrypto-3-x64.dll
c:\users\hp\desktop\transfertudp\server\server\x64\debug\server.ilk
c:\users\hp\desktop\transfertudp\server\server\x64\debug\vc143.idb
c:\users\hp\desktop\transfertudp\server\server\x64\debug\vc143.pdb
c:\users\hp\desktop\transfertudp\server\server\x64\debug\server.tlog\cl.command.1.tlog
c:\users\hp\desktop\transfertudp\server\server\x64\debug\server.tlog\cl.items.tlog
c:\users\hp\desktop\transfertudp\server\server\x64\debug\server.tlog\cl.read.1.tlog
c:\users\hp\desktop\transfertudp\server\server\x64\debug\server.tlog\cl.write.1.tlog
c:\users\hp\desktop\transfertudp\server\server\x64\debug\server.tlog\link.command.1.tlog
c:\users\hp\desktop\transfertudp\server\server\x64\debug\server.tlog\link.read.1.tlog
c:\users\hp\desktop\transfertudp\server\server\x64\debug\server.tlog\link.secondary.1.tlog
c:\users\hp\desktop\transfertudp\server\server\x64\debug\server.tlog\link.write.1.tlog
c:\users\hp\desktop\transfertudp\server\server\x64\debug\server.tlog\server.write.1u.tlog
